Sun 23 May 2021 12:04:00 AM UTC
<DecodeFinished>
Sun 23 May 2021 12:06:00 AM UTC
<DecodeFinished>
Sun 23 May 2021 12:08:00 AM UTC
Sun 23 May 2021 12:10:00 AM UTC
<DecodeFinished>
Sun 23 May 2021 12:16:00 AM UTC
<DecodeFinished>
Sun 23 May 2021 12:22:00 AM UTC
<DecodeFinished>
Sun 23 May 2021 12:24:00 AM UTC
<DecodeFinished>
Sun 23 May 2021 12:26:00 AM UTC
<DecodeFinished>
Sun 23 May 2021 12:28:00 AM UTC
Sun 23 May 2021 12:30:00 AM UTC
<DecodeFinished>
Sun 23 May 2021 12:32:00 AM UTC
<DecodeFinished>
Sun 23 May 2021 12:34:00 AM UTC
Sun 23 May 2021 12:46:00 AM UTC
      -1 -1.3   0.001437 -1  VK2RG QF56 30 
     -19 -1.0   0.001455 -1  VK3GOD QF23 23 
     -20 -1.1   0.001478 -1  VK4YEH QG62 37 
flash led
<DecodeFinished>
Sun 23 May 2021 12:50:00 AM UTC
      -1 -1.3   0.001437 -1  VK2RG QF56 30 
     -19 -1.0   0.001455 -1  VK3GOD QF23 23 
     -20 -1.1   0.001478 -1  VK4YEH QG62 37 
flash led
<DecodeFinished>
Sun 23 May 2021 12:54:00 AM UTC
      -1 -1.3   0.001437 -1  VK2RG QF56 30 
     -19 -1.0   0.001455 -1  VK3GOD QF23 23 
     -20 -1.1   0.001478 -1  VK4YEH QG62 37 
flash led
<DecodeFinished>
Sun 23 May 2021 12:58:00 AM UTC
      -1 -1.3   0.001437 -1  VK2RG QF56 30 
     -19 -1.0   0.001455 -1  VK3GOD QF23 23 
     -20 -1.1   0.001478 -1  VK4YEH QG62 37 
flash led
<DecodeFinished>
Sun 23 May 2021 01:02:00 AM UTC
      -1 -1.3   0.001437 -1  VK2RG QF56 30 
     -19 -1.0   0.001455 -1  VK3GOD QF23 23 
     -20 -1.1   0.001478 -1  VK4YEH QG62 37 
flash led
<DecodeFinished>
Sun 23 May 2021 01:06:00 AM UTC
      -1 -1.3   0.001437 -1  VK2RG QF56 30 
     -19 -1.0   0.001455 -1  VK3GOD QF23 23 
     -20 -1.1   0.001478 -1  VK4YEH QG62 37 
flash led
<DecodeFinished>
Sun 23 May 2021 01:10:00 AM UTC
